\o Program:		@(#)$CDS: libManager version 6.1.8 - CAT37 01/17/2024 18:07 (csvcm36c-7) $
\o Sub version:		sub-version  s353 
\o Arguments:		-mpssession virtuoso54683 -mpshost neuronics.c2sCAT1MEITY.iisc.ac.in 
\o Working Directory:	neuronics.c2sCAT1MEITY.iisc.ac.in:/home/guhanr/worklib_sky
\o 64-bit offsets
\o Qt version: 		5.9.1
\o Log file is "/home/guhanr/worklib_sky/libManager.log".
\o Opening libManager window.
\a nrSetCurrentWindow(cdsLibManager)
\a nrResizeWindow(cdsLibManager list(8 31 1284 701))
\o MPS virtuoso types registered: 65
\o changeWorkingDir("/home/guhanr/worklib_sky") unnecessary.
\o ddSetForcedLib("") unnecessary.
\o MPS service: map window
\o Library Manager customization server connected.
\w Warning: LIB basic from File /home/guhanr/worklib_sky/cds.lib Line 3 redefines
\w LIB basic from File /opt/Cadence_Installs/IC618/tools.lnx86/dfII/etc/cdsDotLibs/composer/cds.lib
\w Insert UNDEFINE basic
\w before DEFINE basic
\w     in /home/guhanr/worklib_sky/cds.lib
\w Or remove or comment out DEFINE basic
\w     in /opt/Cadence_Installs/IC618/tools.lnx86/dfII/etc/cdsDotLibs/composer/cds.lib
\w to suppress this warning message.
\w Warning: LIB analogLib from File /home/guhanr/worklib_sky/cds.lib Line 4 redefines
\w LIB analogLib from File /opt/Cadence_Installs/IC618/tools.lnx86/dfII/etc/cdsDotLibs/artist/cds.lib
\w Insert UNDEFINE analogLib
\w before DEFINE analogLib
\w     in /home/guhanr/worklib_sky/cds.lib
\w Or remove or comment out DEFINE analogLib
\w     in /opt/Cadence_Installs/IC618/tools.lnx86/dfII/etc/cdsDotLibs/artist/cds.lib
\w to suppress this warning message.
\w Warning: LIB connectLib from File /home/guhanr/worklib_sky/cds.lib Line 5 redefines
\w LIB connectLib from File /opt/Cadence_Installs/INCISIVE152/tools.lnx86/affirma_ams/etc/connect_lib/cds.lib
\w Insert UNDEFINE connectLib
\w before DEFINE connectLib
\w     in /home/guhanr/worklib_sky/cds.lib
\w Or remove or comment out DEFINE connectLib
\w     in /opt/Cadence_Installs/INCISIVE152/tools.lnx86/affirma_ams/etc/connect_lib/cds.lib
\w to suppress this warning message.
\w Warning: LIB analogLib from File /opt/Cadence_Installs/PDKs/SKY130/sky130_release_0.0.4/cds.lib Line 1 redefines
\w LIB analogLib from File /home/guhanr/worklib_sky/cds.lib
\w Insert UNDEFINE analogLib
\w before DEFINE analogLib
\w     in /opt/Cadence_Installs/PDKs/SKY130/sky130_release_0.0.4/cds.lib
\w Or remove or comment out DEFINE analogLib
\w     in /home/guhanr/worklib_sky/cds.lib
\w to suppress this warning message.
\w Warning: LIB basic from File /opt/Cadence_Installs/PDKs/SKY130/sky130_release_0.0.4/cds.lib Line 2 redefines
\w LIB basic from File /home/guhanr/worklib_sky/cds.lib
\w Insert UNDEFINE basic
\w before DEFINE basic
\w     in /opt/Cadence_Installs/PDKs/SKY130/sky130_release_0.0.4/cds.lib
\w Or remove or comment out DEFINE basic
\w     in /home/guhanr/worklib_sky/cds.lib
\w to suppress this warning message.
\w Warning: The directory: '/home/guhanr/worklib_sky/$AMSHOME/tools/affirma_ams/etc/connect_lib/connectLib' does not exist
\w 	but was defined in libFile '/home/guhanr/worklib_sky/cds.lib' for Lib 'connectLib'.
\a cdsLibManager->libListBox->value = "ReRam_Krishna"
\a cdsLibManager->libLineEdit->value = "ReRam_Krishna"
\a cdsLibManager->cellListBox->value = "reram_single_bit_tb"
\a cdsLibManager->cellLineEdit->value = "reram_single_bit_tb"
\a cdsLibManager->viewListBox->value = "veriloga"
\a cdsLibManager->viewLineEdit->value = "veriloga"
\a cdsLibManager->viewLineEdit->value = ""
\a cdsLibManager->viewListBox->value = nil
\a lmgrLogShowPopup("mainListPopup1" 50 74 2 "reram_single_bit_tb")
\a cdsLibManager->editDeleteButton->value = t
\a deleteForm->deleteFilterEdit->value = "*"
\a deleteForm->notDeleteFilterEdit->value = "*"
\a nrSetWindowVisibility(deleteForm "show")
\a nrSetCurrentWindow(deleteForm)
\a nrResizeWindow(deleteForm list(327 129 627 425))
\a deleteForm->OK->value = t
\o QUESTION (CLM-199): The following 1 items are marked for deletion.  Are you sure?
\a nrSetWindowVisibility(mcMBXDLG "show")
\a nrSetCurrentWindow(mcMBXDLG)
\a nrResizeWindow(mcMBXDLG list(481 256 268 91))
\a mcMBXDLG->pushButton1->value = t
\o Deleting cell "reram_single_bit_tb" from library "ReRam_Krishna".
\a nrSetWindowVisibility(workingDialogForm "show")
\a nrSetCurrentWindow(deleteForm)
\a nrSetCurrentWindow(cdsLibManager)
\o Deleted cell 'ReRam_Krishna/reram_single_bit_tb'.
\a nrSetCurrentWindow(workingDialogForm)
\o Deletion of 1 cell done.
\a cdsLibManager->cellListBox->value = nil
\a cdsLibManager->cellLineEdit->value = ""
\a nrResizeWindow(workingDialogForm list(506 275 268 133))
\a cdsLibManager->libListBox->value = nil
\a cdsLibManager->libLineEdit->value = ""
\w Warning: LIB basic from File /home/guhanr/worklib_sky/cds.lib Line 3 redefines
\w LIB basic from File /opt/Cadence_Installs/IC618/tools.lnx86/dfII/etc/cdsDotLibs/composer/cds.lib
\w Insert UNDEFINE basic
\w before DEFINE basic
\w     in /home/guhanr/worklib_sky/cds.lib
\w Or remove or comment out DEFINE basic
\w     in /opt/Cadence_Installs/IC618/tools.lnx86/dfII/etc/cdsDotLibs/composer/cds.lib
\w to suppress this warning message.
\w Warning: LIB analogLib from File /home/guhanr/worklib_sky/cds.lib Line 4 redefines
\w LIB analogLib from File /opt/Cadence_Installs/IC618/tools.lnx86/dfII/etc/cdsDotLibs/artist/cds.lib
\w Insert UNDEFINE analogLib
\w before DEFINE analogLib
\w     in /home/guhanr/worklib_sky/cds.lib
\w Or remove or comment out DEFINE analogLib
\w     in /opt/Cadence_Installs/IC618/tools.lnx86/dfII/etc/cdsDotLibs/artist/cds.lib
\w to suppress this warning message.
\w Warning: LIB connectLib from File /home/guhanr/worklib_sky/cds.lib Line 5 redefines
\w LIB connectLib from File /opt/Cadence_Installs/INCISIVE152/tools.lnx86/affirma_ams/etc/connect_lib/cds.lib
\w Insert UNDEFINE connectLib
\w before DEFINE connectLib
\w     in /home/guhanr/worklib_sky/cds.lib
\w Or remove or comment out DEFINE connectLib
\w     in /opt/Cadence_Installs/INCISIVE152/tools.lnx86/affirma_ams/etc/connect_lib/cds.lib
\w to suppress this warning message.
\w Warning: LIB analogLib from File /opt/Cadence_Installs/PDKs/SKY130/sky130_release_0.0.4/cds.lib Line 1 redefines
\w LIB analogLib from File /home/guhanr/worklib_sky/cds.lib
\w Insert UNDEFINE analogLib
\w before DEFINE analogLib
\w     in /opt/Cadence_Installs/PDKs/SKY130/sky130_release_0.0.4/cds.lib
\w Or remove or comment out DEFINE analogLib
\w     in /home/guhanr/worklib_sky/cds.lib
\w to suppress this warning message.
\w Warning: LIB basic from File /opt/Cadence_Installs/PDKs/SKY130/sky130_release_0.0.4/cds.lib Line 2 redefines
\w LIB basic from File /home/guhanr/worklib_sky/cds.lib
\w Insert UNDEFINE basic
\w before DEFINE basic
\w     in /opt/Cadence_Installs/PDKs/SKY130/sky130_release_0.0.4/cds.lib
\w Or remove or comment out DEFINE basic
\w     in /home/guhanr/worklib_sky/cds.lib
\w to suppress this warning message.
\w Warning: The directory: '/home/guhanr/worklib_sky/$AMSHOME/tools/affirma_ams/etc/connect_lib/connectLib' does not exist
\w 	but was defined in libFile '/home/guhanr/worklib_sky/cds.lib' for Lib 'connectLib'.
\a cdsLibManager->libListBox->value = "ReRam_Krishna"
\a cdsLibManager->libLineEdit->value = "ReRam_Krishna"
\a nrSetCurrentWindow(cdsLibManager)
\a nrSetWindowVisibility(cdsLibManager "hide")
\a _lmgrCloseIconify("cdsLibManager" 1)
\a cdsLibManager->fileExitButton->value = t
\o libManager is exiting.
\a exit(0)
